<?xml version="1.0" encoding="UTF-8"?>
<!-- Generated by org.testng.reporters.JUnitReportReporter -->
<testsuite hostname="Kokilavani-PC" name="org.Sample.tng.Computer" tests="1" failures="0" timestamp="28 Nov 2019 05:07:43 GMT" time="24.573" errors="0">
  <testcase name="mainTestNG1" time="24.573" classname="org.Sample.tng.Computer"/>
</testsuite> <!-- org.Sample.tng.Computer -->
